
Analysis #1
cp 0
pv 
alt1 g1f3 cp 354
alt2 g1f3 cp 354
alt3 g1h3 cp 269
alt4 g1f3 cp 354
alt5 g1h3 cp 269
alt6 e2e3 cp 254

Analysis #2
cp 349
pv 
alt1 g1f3 cp 309
alt2 g1f3 cp 309
alt3 g1h3 cp 265
alt4 e2e3 cp 253
alt5 g1f3 cp 309
alt6 g1h3 cp 265
alt7 e2e3 cp 260

Analysis #3
cp 349
pv 
alt1 g1f3 cp 326
alt2 g1f3 cp 326
alt3 e2e3 cp 273
alt4 g1f3 cp 326
alt5 e2e3 cp 273
alt6 g1h3 cp 256

Analysis #4
cp 349
pv 
alt1 g1f3 cp 337
alt2 g1f3 cp 337
alt3 e2e3 cp 308
alt4 g1f3 cp 337
alt5 e2e3 cp 308
alt6 g1h3 cp 265

Analysis #5
cp 349
pv 
alt1 g1f3 cp 357
alt2 g1f3 cp 357
alt3 e2e3 cp 337
alt4 g1f3 cp 357
alt5 e2e3 cp 337
alt6 g1h3 cp 263

Analysis #6
cp 349
pv 
alt1 g1f3 cp 360
alt2 e2e3 cp 363
alt3 g1f3 cp 360
alt4 e2e3 cp 363
alt5 g1f3 cp 360
alt6 g1h3 cp 279

Analysis #7
cp 349
pv 
alt1 g1f3 cp 355
alt2 g1f3 cp 355
alt3 e2e3 cp 322
alt4 g1f3 cp 355
alt5 e2e3 cp 322
alt6 g1h3 cp 264

Analysis #8
cp 349
pv 
alt1 g1f3 cp 378
alt2 g1f3 cp 378
alt3 e2e3 cp 331
alt4 g1f3 cp 378
alt5 e2e3 cp 331
alt6 g1h3 cp 272

Analysis #9
cp 349
pv 
alt1 g1f3 cp 391
alt2 g1f3 cp 391
alt3 e2e3 cp 318
alt4 g1f3 cp 391
alt5 e2e3 cp 318
alt6 g1h3 cp 275

Analysis #10
cp 349
pv 
alt1 g1f3 cp 390
alt2 g1f3 cp 390
alt3 e2e3 cp 317
alt4 g1f3 cp 390
alt5 e2e3 cp 317
alt6 g1h3 cp 272

Analysis #11
cp 349
pv 
alt1 g1f3 cp 372
alt2 g1f3 cp 372
alt3 e2e3 cp 303
alt4 g1f3 cp 372
alt5 e2e3 cp 303
alt6 g1h3 cp 272

Analysis #12
cp 349
pv 
alt1 g1f3 cp 373
alt2 g1f3 cp 373
alt3 e2e3 cp 314
alt4 g1f3 cp 373
alt5 e2e3 cp 314
alt6 g1h3 cp 261

Analysis #13
cp 349
pv 
alt1 g1f3 cp 403
alt2 g1f3 cp 403
alt3 e2e3 cp 339
alt4 g1f3 cp 403
alt5 e2e3 cp 339
alt6 g1h3 cp 258

Analysis #14
cp 349
pv 
alt1 g1f3 cp 388
alt2 g1f3 cp 388
alt3 e2e3 cp 319
alt4 g1f3 cp 388
alt5 e2e3 cp 319
alt6 g1h3 cp 273

Analysis #15
cp 349
pv 
alt1 g1f3 cp 394
alt2 g1f3 cp 394
alt3 e2e3 cp 341
alt4 g1f3 cp 394
alt5 e2e3 cp 341
alt6 g1h3 cp 258

Analysis #16
cp 349
pv 
alt1 g1f3 cp 425
alt2 g1f3 cp 425
alt3 e2e3 cp 321
alt4 g1f3 cp 425
alt5 e2e3 cp 321
alt6 g1h3 cp 289

Analysis #17
cp 349
pv 
alt1 g1f3 cp 408
alt2 g1f3 cp 408
alt3 e2e3 cp 333
alt4 g1f3 cp 408
alt5 e2e3 cp 333
alt6 g1h3 cp 281

Analysis #18
cp 349
pv 
alt1 g1f3 cp 396
alt2 g1f3 cp 396
alt3 e2e3 cp 344
alt4 g1f3 cp 396
alt5 e2e3 cp 344
alt6 g1h3 cp 298

Analysis #19
cp 349
pv 
alt1 g1f3 cp 428
alt2 g1f3 cp 428
alt3 e2e3 cp 328
alt4 g1f3 cp 428
alt5 e2e3 cp 328
alt6 g1h3 cp 287

Analysis #20
cp 349
pv 
alt1 g1f3 cp 424
alt2 g1f3 cp 424
alt3 e2e3 cp 327
alt4 g1f3 cp 424
alt5 e2e3 cp 327
alt6 g1h3 cp 297

Analysis #21
cp 349
pv 
alt1 g1f3 cp 412
alt2 g1f3 cp 412
alt3 e2e3 cp 315
alt4 g1f3 cp 412
alt5 e2e3 cp 315
alt6 g1h3 cp 303

Analysis #22
cp 349
pv 
alt1 g1f3 cp 393
alt2 g1f3 cp 393
alt3 e2e3 cp 342
alt4 g1f3 cp 393
alt5 e2e3 cp 342
alt6 g1h3 cp 300

Analysis #23
cp 349
pv 
alt1 g1f3 cp 390
alt2 g1f3 cp 390
alt3 e2e3 cp 330
alt4 g1f3 cp 390
alt5 e2e3 cp 330
alt6 g1h3 cp 285

Analysis #24
cp 349
pv 
alt1 g1f3 cp 400
alt2 g1f3 cp 400
alt3 e2e3 cp 328
alt4 g1f3 cp 400
alt5 e2e3 cp 328
alt6 g1h3 cp 297

Analysis #25
cp 349
pv 
alt1 g1f3 cp 401
alt2 g1f3 cp 401
alt3 e2e3 cp 322
alt4 g1f3 cp 401
alt5 e2e3 cp 322
alt6 g1h3 cp 294

Analysis #26
cp 349
pv 
alt1 g1f3 cp 410
alt2 g1f3 cp 410
alt3 e2e3 cp 305
alt4 g1f3 cp 410
alt5 g1h3 cp 309
alt6 e2e3 cp 305
